{"level":"info","message":"Successfully got tickets","metadata":{},"timestamp":"2022-09-06 09:03:16"}
{"level":"info","message":"Successfully retrieved User data","metadata":{},"timestamp":"2022-09-06 09:04:09"}
{"level":"info","message":"Successfully got tickets","metadata":{},"timestamp":"2022-09-06 09:04:53"}
{"level":"info","message":"Successfully retrieved User data","metadata":{},"timestamp":"2022-09-06 09:05:44"}
{"level":"info","message":"Successfully retrieved User data","metadata":{},"timestamp":"2022-09-06 09:07:56"}
{"level":"info","message":"Successfully got tickets","metadata":{},"timestamp":"2022-09-06 09:10:22"}
{"level":"info","message":"Successfully retrieved User data","metadata":{},"timestamp":"2022-09-06 09:10:22"}
{"level":"info","message":"Successfully got tickets","metadata":{},"timestamp":"2022-09-06 09:10:24"}
{"level":"info","message":"Successfully got tickets","metadata":{},"timestamp":"2022-09-06 09:10:49"}
{"level":"info","message":"Updated User Successfully!","metadata":{},"timestamp":"2022-09-06 09:11:48"}
{"level":"info","message":"Successfully got tickets","metadata":{},"timestamp":"2022-09-06 09:12:11"}
{"level":"info","message":"Tickets fetched successfully","metadata":{},"timestamp":"2022-09-06 09:12:18"}
{"level":"info","message":"Successfully fetched movies","metadata":{},"timestamp":"2022-09-06 09:12:27"}
{"level":"info","message":"Successfully got Tickets by Cinema ID!","metadata":{},"timestamp":"2022-09-06 09:13:11"}
{"level":"info","message":"Created Ticket successfully!","metadata":{},"timestamp":"2022-09-06 09:13:22"}
{"level":"info","message":"Tickets fetched successfully","metadata":{},"timestamp":"2022-09-06 09:13:23"}
{"level":"info","message":"Successfully got tickets","metadata":{},"timestamp":"2022-09-06 09:13:57"}
{"level":"info","message":"Tickets fetched successfully","metadata":{},"timestamp":"2022-09-06 10:25:15"}
{"level":"info","message":"Successfully retrieved User data","metadata":{},"timestamp":"2022-09-06 10:25:43"}
{"level":"info","message":"Tickets fetched successfully","metadata":{},"timestamp":"2022-09-06 10:26:12"}
{"level":"error","message":"Failed to create Ticket!","metadata":{},"timestamp":"2022-09-06 10:29:06"}
{"level":"info","message":"Tickets fetched successfully","metadata":{},"timestamp":"2022-09-06 10:29:18"}
{"level":"info","message":"Created Ticket successfully!","metadata":{},"timestamp":"2022-09-06 10:30:54"}
