{"level":"info","message":"Successfully retrieved User data","metadata":{},"timestamp":"2022-09-05 10:29:25"}
{"level":"info","message":"Successfully retrieved User data","metadata":{},"timestamp":"2022-09-05 10:40:47"}
{"level":"error","message":"Error updating user","metadata":{},"timestamp":"2022-09-05 10:41:03"}
{"level":"error","message":"Error updating user","metadata":{},"timestamp":"2022-09-05 10:41:03"}
{"level":"error","message":"Error updating user","metadata":{},"timestamp":"2022-09-05 10:41:03"}
{"level":"error","message":"Error updating user","metadata":{},"timestamp":"2022-09-05 10:41:04"}
{"level":"error","message":"Error updating user","metadata":{},"timestamp":"2022-09-05 10:41:29"}
{"level":"error","message":"Error updating user","metadata":{},"timestamp":"2022-09-05 10:41:29"}
{"level":"error","message":"Error updating user","metadata":{},"timestamp":"2022-09-05 10:41:29"}
{"level":"error","message":"Error updating user","metadata":{},"timestamp":"2022-09-05 10:41:30"}
{"level":"error","message":"Error updating user","metadata":{},"timestamp":"2022-09-05 10:41:30"}
{"level":"error","message":"Error updating user","metadata":{},"timestamp":"2022-09-05 10:41:30"}
{"level":"error","message":"Error updating user","metadata":{},"timestamp":"2022-09-05 10:41:30"}
{"level":"error","message":"Error updating user","metadata":{},"timestamp":"2022-09-05 10:41:30"}
{"level":"info","message":"Successfully retrieved User data","metadata":{},"timestamp":"2022-09-05 10:44:12"}
{"level":"error","message":"Error updating user","metadata":{},"timestamp":"2022-09-05 10:44:24"}
{"level":"error","message":"Error updating user","metadata":{},"timestamp":"2022-09-05 10:44:24"}
{"level":"error","message":"Error updating user","metadata":{},"timestamp":"2022-09-05 10:44:24"}
{"level":"error","message":"Error updating user","metadata":{},"timestamp":"2022-09-05 10:44:24"}
{"level":"error","message":"Error updating user","metadata":{},"timestamp":"2022-09-05 10:44:25"}
{"level":"error","message":"Error updating user","metadata":{},"timestamp":"2022-09-05 10:44:25"}
{"level":"error","message":"Error updating user","metadata":{},"timestamp":"2022-09-05 10:44:25"}
{"level":"error","message":"Error updating user","metadata":{},"timestamp":"2022-09-05 10:44:25"}
{"level":"info","message":"Successfully retrieved User data","metadata":{},"timestamp":"2022-09-05 10:46:37"}
{"level":"info","message":"Updated User Successfully!","metadata":{},"timestamp":"2022-09-05 10:46:52"}
{"level":"info","message":"Successfully retrieved User data","metadata":{},"timestamp":"2022-09-05 10:46:53"}
{"level":"info","message":"Successfully fetched movies","metadata":{},"timestamp":"2022-09-05 10:48:59"}
{"level":"info","message":"Successfully retrieved Cinema Data","metadata":{},"timestamp":"2022-09-05 10:49:07"}
{"level":"info","message":"Movie Updated Successfully","metadata":{},"timestamp":"2022-09-05 10:49:26"}
{"level":"info","message":"Successfully fetched movies","metadata":{},"timestamp":"2022-09-05 10:49:28"}
{"level":"info","message":"Successfully retrieved Cinema Data","metadata":{},"timestamp":"2022-09-05 10:49:34"}
{"level":"info","message":"Movie Updated Successfully","metadata":{},"timestamp":"2022-09-05 10:49:49"}
{"level":"info","message":"Successfully fetched movies","metadata":{},"timestamp":"2022-09-05 10:49:51"}
{"level":"info","message":"Successfully retrieved Cinema Data","metadata":{},"timestamp":"2022-09-05 10:50:52"}
{"level":"info","message":"Tickets fetched successfully","metadata":{},"timestamp":"2022-09-05 10:50:56"}
{"level":"info","message":"Tickets fetched successfully","metadata":{},"timestamp":"2022-09-05 10:50:57"}
{"level":"info","message":"Successfully fetched movies","metadata":{},"timestamp":"2022-09-05 10:50:59"}
{"level":"info","message":"Successfully retrieved Cinema Data","metadata":{},"timestamp":"2022-09-05 10:50:59"}
{"level":"info","message":"Successfully fetched movies","metadata":{},"timestamp":"2022-09-05 10:53:39"}
{"level":"info","message":"Successfully retrieved Cinema Data","metadata":{},"timestamp":"2022-09-05 10:53:39"}
