{"level":"info","message":"Tickets fetched successfully","metadata":{},"timestamp":"2022-09-03 09:10:44"}
{"level":"info","message":"Successfully fetched movies","metadata":{},"timestamp":"2022-09-03 09:40:44"}
{"level":"info","message":"Successfully got Tickets by Cinema ID!","metadata":{},"timestamp":"2022-09-03 09:41:14"}
{"level":"info","message":"Tickets fetched successfully","metadata":{},"timestamp":"2022-09-03 09:42:48"}
{"level":"info","message":"Tickets fetched successfully","metadata":{},"timestamp":"2022-09-03 09:42:57"}
{"level":"info","message":"Tickets fetched successfully","metadata":{},"timestamp":"2022-09-03 09:43:14"}
{"level":"info","message":"Tickets fetched successfully","metadata":{},"timestamp":"2022-09-03 09:43:27"}
{"level":"info","message":"Tickets fetched successfully","metadata":{},"timestamp":"2022-09-03 09:44:19"}
{"level":"info","message":"Tickets fetched successfully","metadata":{},"timestamp":"2022-09-03 09:45:00"}
{"level":"info","message":"Tickets fetched successfully","metadata":{},"timestamp":"2022-09-03 09:45:06"}
{"level":"info","message":"Tickets fetched successfully","metadata":{},"timestamp":"2022-09-03 09:46:46"}
{"level":"info","message":"Tickets fetched successfully","metadata":{},"timestamp":"2022-09-03 09:46:59"}
{"level":"info","message":"Tickets fetched successfully","metadata":{},"timestamp":"2022-09-03 09:47:07"}
{"level":"info","message":"Tickets fetched successfully","metadata":{},"timestamp":"2022-09-03 09:47:12"}
{"level":"info","message":"Successfully fetched movies","metadata":{},"timestamp":"2022-09-03 09:47:25"}
{"level":"info","message":"Successfully got Tickets by Cinema ID!","metadata":{},"timestamp":"2022-09-03 09:47:39"}
{"level":"info","message":"Successfully retrieved User data","metadata":{},"timestamp":"2022-09-03 09:48:39"}
{"level":"info","message":"Successfully retrieved User data","metadata":{},"timestamp":"2022-09-03 09:51:08"}
{"level":"info","message":"Successfully retrieved Cinema Data","metadata":{},"timestamp":"2022-09-03 09:55:01"}
{"level":"info","message":"Successfully fetched movies","metadata":{},"timestamp":"2022-09-03 09:55:06"}
{"level":"info","message":"Successfully retrieved Cinema Data","metadata":{},"timestamp":"2022-09-03 09:55:08"}
{"level":"info","message":"Successfully retrieved Cinema Data","metadata":{},"timestamp":"2022-09-03 09:55:14"}
{"level":"error","message":"Error updating movie","metadata":{},"timestamp":"2022-09-03 09:55:26"}
{"level":"error","message":"Error updating movie","metadata":{},"timestamp":"2022-09-03 09:55:27"}
{"level":"error","message":"Error updating movie","metadata":{},"timestamp":"2022-09-03 09:55:27"}
{"level":"error","message":"Error updating movie","metadata":{},"timestamp":"2022-09-03 09:55:28"}
{"level":"error","message":"Error updating movie","metadata":{},"timestamp":"2022-09-03 09:55:28"}
{"level":"error","message":"Error updating movie","metadata":{},"timestamp":"2022-09-03 09:55:28"}
{"level":"error","message":"Error updating movie","metadata":{},"timestamp":"2022-09-03 09:55:29"}
{"level":"error","message":"Error updating movie","metadata":{},"timestamp":"2022-09-03 09:55:29"}
{"level":"error","message":"Error updating movie","metadata":{},"timestamp":"2022-09-03 09:55:30"}
{"level":"error","message":"Error updating movie","metadata":{},"timestamp":"2022-09-03 09:55:30"}
{"level":"error","message":"Error updating movie","metadata":{},"timestamp":"2022-09-03 09:55:30"}
{"level":"error","message":"Error updating movie","metadata":{},"timestamp":"2022-09-03 09:55:30"}
{"level":"error","message":"Error updating movie","metadata":{},"timestamp":"2022-09-03 09:55:30"}
{"level":"error","message":"Error updating movie","metadata":{},"timestamp":"2022-09-03 09:55:31"}
{"level":"error","message":"Error updating movie","metadata":{},"timestamp":"2022-09-03 09:55:31"}
{"level":"error","message":"Error updating movie","metadata":{},"timestamp":"2022-09-03 09:55:31"}
{"level":"error","message":"Error updating movie","metadata":{},"timestamp":"2022-09-03 09:55:31"}
{"level":"error","message":"Error updating movie","metadata":{},"timestamp":"2022-09-03 09:55:31"}
{"level":"error","message":"Error updating movie","metadata":{},"timestamp":"2022-09-03 09:55:31"}
{"level":"error","message":"Error updating movie","metadata":{},"timestamp":"2022-09-03 09:55:31"}
{"level":"error","message":"Error updating movie","metadata":{},"timestamp":"2022-09-03 09:55:31"}
{"level":"error","message":"Error updating movie","metadata":{},"timestamp":"2022-09-03 09:55:31"}
{"level":"error","message":"Error updating movie","metadata":{},"timestamp":"2022-09-03 09:55:31"}
{"level":"error","message":"Error updating movie","metadata":{},"timestamp":"2022-09-03 09:55:31"}
{"level":"error","message":"Error updating movie","metadata":{},"timestamp":"2022-09-03 09:55:31"}
{"level":"error","message":"Error updating movie","metadata":{},"timestamp":"2022-09-03 09:55:31"}
{"level":"error","message":"Error updating movie","metadata":{},"timestamp":"2022-09-03 09:55:31"}
{"level":"error","message":"Error updating movie","metadata":{},"timestamp":"2022-09-03 09:55:31"}
{"level":"error","message":"Error updating movie","metadata":{},"timestamp":"2022-09-03 09:55:32"}
{"level":"error","message":"Error updating movie","metadata":{},"timestamp":"2022-09-03 09:55:32"}
{"level":"error","message":"Error updating movie","metadata":{},"timestamp":"2022-09-03 09:55:32"}
{"level":"error","message":"Error updating movie","metadata":{},"timestamp":"2022-09-03 09:55:32"}
{"level":"error","message":"Error updating movie","metadata":{},"timestamp":"2022-09-03 09:55:32"}
{"level":"error","message":"Error updating movie","metadata":{},"timestamp":"2022-09-03 09:55:32"}
{"level":"error","message":"Error updating movie","metadata":{},"timestamp":"2022-09-03 09:55:32"}
{"level":"error","message":"Error updating movie","metadata":{},"timestamp":"2022-09-03 09:55:32"}
{"level":"error","message":"Error updating movie","metadata":{},"timestamp":"2022-09-03 09:55:32"}
{"level":"error","message":"Error updating movie","metadata":{},"timestamp":"2022-09-03 09:55:32"}
{"level":"error","message":"Error updating movie","metadata":{},"timestamp":"2022-09-03 09:55:32"}
{"level":"error","message":"Error updating movie","metadata":{},"timestamp":"2022-09-03 09:55:32"}
{"level":"error","message":"Error updating movie","metadata":{},"timestamp":"2022-09-03 09:55:32"}
{"level":"error","message":"Error updating movie","metadata":{},"timestamp":"2022-09-03 09:55:32"}
{"level":"error","message":"Error updating movie","metadata":{},"timestamp":"2022-09-03 09:55:32"}
{"level":"error","message":"Error updating movie","metadata":{},"timestamp":"2022-09-03 09:55:32"}
{"level":"error","message":"Error updating movie","metadata":{},"timestamp":"2022-09-03 09:55:32"}
{"level":"error","message":"Error updating movie","metadata":{},"timestamp":"2022-09-03 09:55:32"}
{"level":"error","message":"Error updating movie","metadata":{},"timestamp":"2022-09-03 09:55:33"}
{"level":"error","message":"Error updating movie","metadata":{},"timestamp":"2022-09-03 09:55:33"}
{"level":"error","message":"Error updating movie","metadata":{},"timestamp":"2022-09-03 09:55:33"}
{"level":"error","message":"Error updating movie","metadata":{},"timestamp":"2022-09-03 09:55:33"}
{"level":"error","message":"Error updating movie","metadata":{},"timestamp":"2022-09-03 09:55:33"}
{"level":"error","message":"Error updating movie","metadata":{},"timestamp":"2022-09-03 09:55:33"}
{"level":"error","message":"Error updating movie","metadata":{},"timestamp":"2022-09-03 09:55:33"}
{"level":"error","message":"Error updating movie","metadata":{},"timestamp":"2022-09-03 09:55:33"}
{"level":"error","message":"Error updating movie","metadata":{},"timestamp":"2022-09-03 09:55:33"}
{"level":"error","message":"Error updating movie","metadata":{},"timestamp":"2022-09-03 09:55:33"}
{"level":"error","message":"Error updating movie","metadata":{},"timestamp":"2022-09-03 09:55:33"}
{"level":"error","message":"Error updating movie","metadata":{},"timestamp":"2022-09-03 09:55:33"}
{"level":"error","message":"Error updating movie","metadata":{},"timestamp":"2022-09-03 09:55:33"}
{"level":"error","message":"Error updating movie","metadata":{},"timestamp":"2022-09-03 09:55:33"}
{"level":"error","message":"Error updating movie","metadata":{},"timestamp":"2022-09-03 09:55:33"}
{"level":"error","message":"Error updating movie","metadata":{},"timestamp":"2022-09-03 09:55:33"}
{"level":"error","message":"Error updating movie","metadata":{},"timestamp":"2022-09-03 09:55:33"}
{"level":"error","message":"Error updating movie","metadata":{},"timestamp":"2022-09-03 09:55:34"}
{"level":"error","message":"Error updating movie","metadata":{},"timestamp":"2022-09-03 09:55:34"}
{"level":"error","message":"Error updating movie","metadata":{},"timestamp":"2022-09-03 09:55:34"}
{"level":"error","message":"Error updating movie","metadata":{},"timestamp":"2022-09-03 09:55:34"}
{"level":"error","message":"Error updating movie","metadata":{},"timestamp":"2022-09-03 09:55:34"}
{"level":"error","message":"Error updating movie","metadata":{},"timestamp":"2022-09-03 09:55:34"}
{"level":"error","message":"Error updating movie","metadata":{},"timestamp":"2022-09-03 09:55:34"}
{"level":"error","message":"Error updating movie","metadata":{},"timestamp":"2022-09-03 09:55:34"}
{"level":"error","message":"Error updating movie","metadata":{},"timestamp":"2022-09-03 09:55:34"}
{"level":"error","message":"Error updating movie","metadata":{},"timestamp":"2022-09-03 09:55:34"}
{"level":"error","message":"Error updating movie","metadata":{},"timestamp":"2022-09-03 09:55:35"}
{"level":"error","message":"Error updating movie","metadata":{},"timestamp":"2022-09-03 09:55:35"}
{"level":"error","message":"Error updating movie","metadata":{},"timestamp":"2022-09-03 09:55:35"}
{"level":"error","message":"Error updating movie","metadata":{},"timestamp":"2022-09-03 09:55:35"}
{"level":"error","message":"Error updating movie","metadata":{},"timestamp":"2022-09-03 09:55:35"}
{"level":"error","message":"Error updating movie","metadata":{},"timestamp":"2022-09-03 09:55:35"}
{"level":"error","message":"Error updating movie","metadata":{},"timestamp":"2022-09-03 09:55:35"}
{"level":"error","message":"Error updating movie","metadata":{},"timestamp":"2022-09-03 09:55:35"}
{"level":"error","message":"Error updating movie","metadata":{},"timestamp":"2022-09-03 09:55:35"}
{"level":"error","message":"Error updating movie","metadata":{},"timestamp":"2022-09-03 09:55:35"}
{"level":"error","message":"Error updating movie","metadata":{},"timestamp":"2022-09-03 09:55:35"}
{"level":"error","message":"Error updating movie","metadata":{},"timestamp":"2022-09-03 09:55:35"}
{"level":"error","message":"Error updating movie","metadata":{},"timestamp":"2022-09-03 09:55:35"}
{"level":"error","message":"Error updating movie","metadata":{},"timestamp":"2022-09-03 09:55:35"}
{"level":"error","message":"Error updating movie","metadata":{},"timestamp":"2022-09-03 09:55:35"}
{"level":"error","message":"Error updating movie","metadata":{},"timestamp":"2022-09-03 09:55:52"}
{"level":"error","message":"Error updating movie","metadata":{},"timestamp":"2022-09-03 09:55:52"}
{"level":"error","message":"Error updating movie","metadata":{},"timestamp":"2022-09-03 09:55:52"}
{"level":"error","message":"Error updating movie","metadata":{},"timestamp":"2022-09-03 09:55:52"}
{"level":"info","message":"Successfully retrieved Cinema Data","metadata":{},"timestamp":"2022-09-03 09:57:26"}
{"level":"info","message":"Successfully retrieved Cinema Data","metadata":{},"timestamp":"2022-09-03 09:57:34"}
{"level":"info","message":"Successfully fetched movies","metadata":{},"timestamp":"2022-09-03 09:58:49"}
{"level":"info","message":"Successfully fetched movies","metadata":{},"timestamp":"2022-09-03 09:59:17"}
{"level":"info","message":"Successfully retrieved Cinema Data","metadata":{},"timestamp":"2022-09-03 09:59:59"}
{"level":"info","message":"Successfully fetched movies","metadata":{},"timestamp":"2022-09-03 10:01:14"}
{"level":"info","message":"Successfully fetched movies","metadata":{},"timestamp":"2022-09-03 10:01:32"}
{"level":"info","message":"Successfully retrieved Cinema Data","metadata":{},"timestamp":"2022-09-03 10:01:36"}
{"level":"info","message":"Successfully fetched movies","metadata":{},"timestamp":"2022-09-03 10:03:07"}
{"level":"info","message":"Successfully fetched movies","metadata":{},"timestamp":"2022-09-03 10:03:43"}
{"level":"info","message":"Successfully retrieved Cinema Data","metadata":{},"timestamp":"2022-09-03 10:03:46"}
{"level":"info","message":"Successfully fetched movies","metadata":{},"timestamp":"2022-09-03 10:04:44"}
{"level":"info","message":"Successfully retrieved Cinema Data","metadata":{},"timestamp":"2022-09-03 10:05:41"}
{"level":"info","message":"Successfully retrieved Cinema Data","metadata":{},"timestamp":"2022-09-03 10:05:44"}
{"level":"info","message":"Successfully fetched movies","metadata":{},"timestamp":"2022-09-03 10:09:17"}
{"level":"info","message":"Successfully fetched movies","metadata":{},"timestamp":"2022-09-03 10:10:47"}
{"level":"info","message":"Successfully fetched movies","metadata":{},"timestamp":"2022-09-03 10:11:04"}
{"level":"info","message":"Successfully fetched movies","metadata":{},"timestamp":"2022-09-03 10:11:11"}
{"level":"info","message":"Successfully fetched movies","metadata":{},"timestamp":"2022-09-03 10:11:20"}
{"level":"info","message":"Successfully fetched movies","metadata":{},"timestamp":"2022-09-03 10:11:31"}
{"level":"info","message":"Successfully fetched movies","metadata":{},"timestamp":"2022-09-03 10:11:46"}
{"level":"info","message":"Successfully fetched movies","metadata":{},"timestamp":"2022-09-03 10:11:58"}
{"level":"info","message":"Successfully fetched movies","metadata":{},"timestamp":"2022-09-03 10:12:10"}
{"level":"info","message":"Successfully retrieved Cinema Data","metadata":{},"timestamp":"2022-09-03 10:12:30"}
{"level":"info","message":"Successfully retrieved Cinema Data","metadata":{},"timestamp":"2022-09-03 10:14:27"}
{"level":"info","message":"Successfully fetched movies","metadata":{},"timestamp":"2022-09-03 10:16:00"}
{"level":"info","message":"Successfully retrieved Cinema Data","metadata":{},"timestamp":"2022-09-03 10:16:10"}
{"level":"info","message":"Successfully fetched movies","metadata":{},"timestamp":"2022-09-03 10:17:41"}
{"level":"info","message":"Successfully fetched movies","metadata":{},"timestamp":"2022-09-03 10:17:42"}
{"level":"info","message":"Successfully retrieved Cinema Data","metadata":{},"timestamp":"2022-09-03 10:18:07"}
{"level":"info","message":"Successfully fetched movies","metadata":{},"timestamp":"2022-09-03 10:18:43"}
{"level":"info","message":"Successfully retrieved Cinema Data","metadata":{},"timestamp":"2022-09-03 10:18:50"}
{"level":"info","message":"Successfully retrieved Cinema Data","metadata":{},"timestamp":"2022-09-03 10:19:01"}
{"level":"info","message":"Successfully fetched movies","metadata":{},"timestamp":"2022-09-03 10:20:18"}
{"level":"info","message":"Successfully fetched movies","metadata":{},"timestamp":"2022-09-03 10:20:30"}
{"level":"info","message":"Successfully fetched movies","metadata":{},"timestamp":"2022-09-03 10:20:53"}
{"level":"info","message":"Successfully fetched movies","metadata":{},"timestamp":"2022-09-03 10:20:57"}
{"level":"info","message":"Successfully fetched movies","metadata":{},"timestamp":"2022-09-03 10:21:09"}
{"level":"info","message":"Successfully retrieved Cinema Data","metadata":{},"timestamp":"2022-09-03 10:21:12"}
{"level":"info","message":"Successfully retrieved Cinema Data","metadata":{},"timestamp":"2022-09-03 10:21:16"}
{"level":"info","message":"Successfully fetched movies","metadata":{},"timestamp":"2022-09-03 10:22:11"}
{"level":"info","message":"Successfully retrieved Cinema Data","metadata":{},"timestamp":"2022-09-03 10:22:24"}
{"level":"info","message":"Successfully fetched movies","metadata":{},"timestamp":"2022-09-03 10:22:56"}
{"level":"info","message":"Successfully retrieved Cinema Data","metadata":{},"timestamp":"2022-09-03 10:22:59"}
{"level":"info","message":"Successfully fetched movies","metadata":{},"timestamp":"2022-09-03 10:23:35"}
{"level":"info","message":"Successfully fetched movies","metadata":{},"timestamp":"2022-09-03 10:23:42"}
{"level":"info","message":"Successfully fetched movies","metadata":{},"timestamp":"2022-09-03 10:23:46"}
{"level":"info","message":"Successfully fetched movies","metadata":{},"timestamp":"2022-09-03 10:23:47"}
{"level":"info","message":"Successfully retrieved Cinema Data","metadata":{},"timestamp":"2022-09-03 10:23:50"}
{"level":"info","message":"Successfully fetched movies","metadata":{},"timestamp":"2022-09-03 10:25:41"}
{"level":"info","message":"Successfully fetched movies","metadata":{},"timestamp":"2022-09-03 10:25:53"}
{"level":"info","message":"Successfully fetched movies","metadata":{},"timestamp":"2022-09-03 10:26:03"}
{"level":"info","message":"Successfully fetched movies","metadata":{},"timestamp":"2022-09-03 10:26:07"}
{"level":"info","message":"Successfully retrieved Cinema Data","metadata":{},"timestamp":"2022-09-03 10:26:38"}
{"level":"info","message":"Successfully retrieved Cinema Data","metadata":{},"timestamp":"2022-09-03 10:26:42"}
{"level":"info","message":"Successfully fetched movies","metadata":{},"timestamp":"2022-09-03 10:27:57"}
{"level":"info","message":"Successfully fetched movies","metadata":{},"timestamp":"2022-09-03 10:28:02"}
{"level":"info","message":"Successfully retrieved Cinema Data","metadata":{},"timestamp":"2022-09-03 10:28:06"}
{"level":"info","message":"Successfully fetched movies","metadata":{},"timestamp":"2022-09-03 10:29:56"}
{"level":"info","message":"Successfully fetched movies","metadata":{},"timestamp":"2022-09-03 10:30:15"}
{"level":"info","message":"Successfully retrieved Cinema Data","metadata":{},"timestamp":"2022-09-03 10:30:23"}
{"level":"info","message":"Successfully fetched movies","metadata":{},"timestamp":"2022-09-03 10:30:50"}
{"level":"info","message":"Successfully retrieved Cinema Data","metadata":{},"timestamp":"2022-09-03 10:30:53"}
{"level":"info","message":"Successfully fetched movies","metadata":{},"timestamp":"2022-09-03 10:32:20"}
{"level":"info","message":"Successfully fetched movies","metadata":{},"timestamp":"2022-09-03 10:32:23"}
{"level":"info","message":"Successfully fetched movies","metadata":{},"timestamp":"2022-09-03 10:32:32"}
{"level":"info","message":"Successfully retrieved Cinema Data","metadata":{},"timestamp":"2022-09-03 10:32:35"}
{"level":"info","message":"Successfully fetched movies","metadata":{},"timestamp":"2022-09-03 10:33:18"}
{"level":"info","message":"Successfully fetched movies","metadata":{},"timestamp":"2022-09-03 10:33:25"}
{"level":"info","message":"Successfully retrieved Cinema Data","metadata":{},"timestamp":"2022-09-03 10:35:32"}
{"level":"info","message":"Successfully fetched movies","metadata":{},"timestamp":"2022-09-03 10:36:35"}
{"level":"info","message":"Successfully retrieved Cinema Data","metadata":{},"timestamp":"2022-09-03 10:36:38"}
{"level":"info","message":"Successfully retrieved Cinema Data","metadata":{},"timestamp":"2022-09-03 10:36:42"}
{"level":"info","message":"Successfully retrieved Cinema Data","metadata":{},"timestamp":"2022-09-03 10:36:51"}
{"level":"info","message":"Successfully retrieved Cinema Data","metadata":{},"timestamp":"2022-09-03 10:36:53"}
{"level":"info","message":"Successfully fetched movies","metadata":{},"timestamp":"2022-09-03 10:38:25"}
{"level":"info","message":"Successfully retrieved Cinema Data","metadata":{},"timestamp":"2022-09-03 10:38:28"}
{"level":"info","message":"Successfully fetched movies","metadata":{},"timestamp":"2022-09-03 13:11:42"}
{"level":"info","message":"Successfully fetched movies","metadata":{},"timestamp":"2022-09-03 13:11:44"}
{"level":"info","message":"Successfully fetched movies","metadata":{},"timestamp":"2022-09-03 13:12:26"}
{"level":"info","message":"Successfully fetched movies","metadata":{},"timestamp":"2022-09-03 13:12:36"}
{"level":"info","message":"Successfully fetched movies","metadata":{},"timestamp":"2022-09-03 13:12:54"}
{"level":"info","message":"Successfully fetched movies","metadata":{},"timestamp":"2022-09-03 13:13:06"}
{"level":"info","message":"Successfully fetched movies","metadata":{},"timestamp":"2022-09-03 13:13:29"}
{"level":"error","message":"Failed to create Ticket!","metadata":{},"timestamp":"2022-09-03 13:14:54"}
{"level":"error","message":"Cinema Failed to Create","metadata":{},"timestamp":"2022-09-03 13:15:08"}
{"level":"info","message":"Successfully retrieved Cinema Data","metadata":{},"timestamp":"2022-09-03 13:15:15"}
{"level":"info","message":"Successfully got Tickets by Cinema ID!","metadata":{},"timestamp":"2022-09-03 13:16:14"}
{"level":"info","message":"Successfully fetched movies","metadata":{},"timestamp":"2022-09-03 13:28:16"}
{"level":"info","message":"Tickets fetched successfully","metadata":{},"timestamp":"2022-09-03 13:28:29"}
{"level":"info","message":"Successfully fetched movies","metadata":{},"timestamp":"2022-09-03 13:28:50"}
{"level":"info","message":"Successfully got Tickets by Cinema ID!","metadata":{},"timestamp":"2022-09-03 13:29:09"}
{"level":"info","message":"Created Ticket successfully!","metadata":{},"timestamp":"2022-09-03 13:29:17"}
{"level":"info","message":"Tickets fetched successfully","metadata":{},"timestamp":"2022-09-03 13:29:17"}
{"level":"info","message":"Successfully fetched movies","metadata":{},"timestamp":"2022-09-03 13:29:26"}
{"level":"info","message":"Successfully fetched movies","metadata":{},"timestamp":"2022-09-03 13:29:28"}
{"level":"info","message":"Successfully fetched movies","metadata":{},"timestamp":"2022-09-03 13:29:29"}
{"level":"info","message":"Successfully fetched movies","metadata":{},"timestamp":"2022-09-03 13:29:41"}
{"level":"info","message":"Successfully got Tickets by Cinema ID!","metadata":{},"timestamp":"2022-09-03 13:29:55"}
{"level":"error","message":"Cinema Failed to Create","metadata":{},"timestamp":"2022-09-03 13:31:28"}
{"level":"info","message":"Successfully retrieved Cinema Data","metadata":{},"timestamp":"2022-09-03 13:31:35"}
{"level":"info","message":"Successfully fetched movies","metadata":{},"timestamp":"2022-09-03 13:32:55"}
{"level":"info","message":"Successfully got Tickets by Cinema ID!","metadata":{},"timestamp":"2022-09-03 13:33:27"}
{"level":"info","message":"Created Ticket successfully!","metadata":{},"timestamp":"2022-09-03 13:33:40"}
{"level":"info","message":"Tickets fetched successfully","metadata":{},"timestamp":"2022-09-03 13:33:41"}
{"level":"info","message":"Successfully fetched movies","metadata":{},"timestamp":"2022-09-03 13:34:20"}
{"level":"info","message":"Successfully fetched movies","metadata":{},"timestamp":"2022-09-03 13:34:22"}
{"level":"info","message":"Successfully got Tickets by Cinema ID!","metadata":{},"timestamp":"2022-09-03 13:34:37"}
{"level":"info","message":"Created Ticket successfully!","metadata":{},"timestamp":"2022-09-03 13:35:33"}
{"level":"info","message":"Tickets fetched successfully","metadata":{},"timestamp":"2022-09-03 13:35:33"}
{"level":"info","message":"Successfully got Tickets by Cinema ID!","metadata":{},"timestamp":"2022-09-03 13:37:42"}
{"level":"info","message":"Seats fetched successfully","metadata":{},"timestamp":"2022-09-03 13:41:53"}
{"level":"info","message":"Successfully fetched movies","metadata":{},"timestamp":"2022-09-03 13:47:46"}
{"level":"info","message":"Successfully got Tickets by Cinema ID!","metadata":{},"timestamp":"2022-09-03 13:48:04"}
{"level":"info","message":"Tickets fetched successfully","metadata":{},"timestamp":"2022-09-03 13:48:36"}
{"level":"info","message":"Successfully fetched movies","metadata":{},"timestamp":"2022-09-03 13:48:51"}
{"level":"info","message":"Successfully got Tickets by Cinema ID!","metadata":{},"timestamp":"2022-09-03 13:49:01"}
{"level":"info","message":"Tickets fetched successfully","metadata":{},"timestamp":"2022-09-03 13:49:25"}
{"level":"info","message":"Tickets fetched successfully","metadata":{},"timestamp":"2022-09-03 13:52:29"}
{"level":"info","message":"Successfully fetched movies","metadata":{},"timestamp":"2022-09-03 13:54:15"}
{"level":"info","message":"Tickets fetched successfully","metadata":{},"timestamp":"2022-09-03 13:59:47"}
{"level":"info","message":"Tickets fetched successfully","metadata":{},"timestamp":"2022-09-03 14:00:19"}
{"level":"info","message":"Tickets fetched successfully","metadata":{},"timestamp":"2022-09-03 14:00:21"}
{"level":"info","message":"Tickets fetched successfully","metadata":{},"timestamp":"2022-09-03 14:02:09"}
{"level":"info","message":"Tickets fetched successfully","metadata":{},"timestamp":"2022-09-03 14:02:39"}
{"level":"info","message":"Tickets fetched successfully","metadata":{},"timestamp":"2022-09-03 14:02:47"}
{"level":"info","message":"Successfully fetched movies","metadata":{},"timestamp":"2022-09-03 14:02:50"}
{"level":"info","message":"Tickets fetched successfully","metadata":{},"timestamp":"2022-09-03 14:04:23"}
{"level":"info","message":"Tickets fetched successfully","metadata":{},"timestamp":"2022-09-03 14:04:30"}
{"level":"info","message":"Tickets fetched successfully","metadata":{},"timestamp":"2022-09-03 14:04:46"}
{"level":"info","message":"Tickets fetched successfully","metadata":{},"timestamp":"2022-09-03 14:04:53"}
{"level":"info","message":"Tickets fetched successfully","metadata":{},"timestamp":"2022-09-03 14:05:02"}
{"level":"info","message":"Tickets fetched successfully","metadata":{},"timestamp":"2022-09-03 14:05:08"}
{"level":"info","message":"Tickets fetched successfully","metadata":{},"timestamp":"2022-09-03 14:05:15"}
{"level":"info","message":"Tickets fetched successfully","metadata":{},"timestamp":"2022-09-03 14:05:27"}
{"level":"info","message":"Tickets fetched successfully","metadata":{},"timestamp":"2022-09-03 14:05:32"}
{"level":"info","message":"Tickets fetched successfully","metadata":{},"timestamp":"2022-09-03 14:05:37"}
{"level":"info","message":"Tickets fetched successfully","metadata":{},"timestamp":"2022-09-03 14:05:45"}
{"level":"info","message":"Successfully fetched movies","metadata":{},"timestamp":"2022-09-03 14:05:51"}
{"level":"info","message":"Tickets fetched successfully","metadata":{},"timestamp":"2022-09-03 14:06:52"}
{"level":"info","message":"Tickets fetched successfully","metadata":{},"timestamp":"2022-09-03 14:08:11"}
{"level":"info","message":"Successfully fetched movies","metadata":{},"timestamp":"2022-09-03 14:08:13"}
{"level":"info","message":"Tickets fetched successfully","metadata":{},"timestamp":"2022-09-03 14:08:41"}
{"level":"info","message":"Successfully fetched movies","metadata":{},"timestamp":"2022-09-03 14:08:43"}
{"level":"info","message":"Tickets fetched successfully","metadata":{},"timestamp":"2022-09-03 19:50:40"}
{"level":"info","message":"Tickets fetched successfully","metadata":{},"timestamp":"2022-09-03 19:51:43"}
{"level":"info","message":"Tickets fetched successfully","metadata":{},"timestamp":"2022-09-03 19:51:45"}
{"level":"info","message":"Tickets fetched successfully","metadata":{},"timestamp":"2022-09-03 19:52:22"}
{"level":"info","message":"Tickets fetched successfully","metadata":{},"timestamp":"2022-09-03 19:52:28"}
{"level":"info","message":"Tickets fetched successfully","metadata":{},"timestamp":"2022-09-03 19:52:32"}
{"level":"info","message":"Tickets fetched successfully","metadata":{},"timestamp":"2022-09-03 19:52:37"}
{"level":"info","message":"Tickets fetched successfully","metadata":{},"timestamp":"2022-09-03 19:52:47"}
{"level":"info","message":"Tickets fetched successfully","metadata":{},"timestamp":"2022-09-03 19:52:55"}
{"level":"info","message":"Successfully fetched movies","metadata":{},"timestamp":"2022-09-03 19:53:04"}
{"level":"info","message":"Successfully fetched movies","metadata":{},"timestamp":"2022-09-03 19:53:08"}
{"level":"info","message":"Successfully got Tickets by Cinema ID!","metadata":{},"timestamp":"2022-09-03 19:53:21"}
{"level":"info","message":"Tickets fetched successfully","metadata":{},"timestamp":"2022-09-03 19:54:22"}
{"level":"info","message":"Tickets fetched successfully","metadata":{},"timestamp":"2022-09-03 19:54:31"}
{"level":"info","message":"Tickets fetched successfully","metadata":{},"timestamp":"2022-09-03 19:55:00"}
{"level":"info","message":"Tickets fetched successfully","metadata":{},"timestamp":"2022-09-03 19:55:06"}
{"level":"info","message":"Tickets fetched successfully","metadata":{},"timestamp":"2022-09-03 19:55:07"}
{"level":"info","message":"Tickets fetched successfully","metadata":{},"timestamp":"2022-09-03 19:55:19"}
{"level":"info","message":"Tickets fetched successfully","metadata":{},"timestamp":"2022-09-03 19:55:24"}
{"level":"info","message":"Tickets fetched successfully","metadata":{},"timestamp":"2022-09-03 19:55:24"}
{"level":"info","message":"Successfully fetched movies","metadata":{},"timestamp":"2022-09-03 19:55:26"}
{"level":"info","message":"Successfully got Tickets by Cinema ID!","metadata":{},"timestamp":"2022-09-03 19:55:39"}
{"level":"info","message":"Tickets fetched successfully","metadata":{},"timestamp":"2022-09-03 19:57:15"}
{"level":"info","message":"Tickets fetched successfully","metadata":{},"timestamp":"2022-09-03 19:57:21"}
{"level":"info","message":"Successfully fetched movies","metadata":{},"timestamp":"2022-09-03 19:57:26"}
{"level":"info","message":"Successfully got Tickets by Cinema ID!","metadata":{},"timestamp":"2022-09-03 19:57:37"}
{"level":"info","message":"Tickets fetched successfully","metadata":{},"timestamp":"2022-09-03 19:59:07"}
{"level":"info","message":"Tickets fetched successfully","metadata":{},"timestamp":"2022-09-03 19:59:14"}
{"level":"info","message":"Successfully fetched movies","metadata":{},"timestamp":"2022-09-03 19:59:38"}
{"level":"info","message":"Successfully got Tickets by Cinema ID!","metadata":{},"timestamp":"2022-09-03 19:59:48"}
{"level":"info","message":"Tickets fetched successfully","metadata":{},"timestamp":"2022-09-03 20:00:45"}
{"level":"info","message":"Tickets fetched successfully","metadata":{},"timestamp":"2022-09-03 20:00:49"}
{"level":"info","message":"Tickets fetched successfully","metadata":{},"timestamp":"2022-09-03 20:00:55"}
{"level":"info","message":"Tickets fetched successfully","metadata":{},"timestamp":"2022-09-03 20:00:59"}
{"level":"info","message":"Tickets fetched successfully","metadata":{},"timestamp":"2022-09-03 20:01:10"}
{"level":"info","message":"Successfully fetched movies","metadata":{},"timestamp":"2022-09-03 20:03:31"}
{"level":"info","message":"Successfully got Tickets by Cinema ID!","metadata":{},"timestamp":"2022-09-03 20:04:04"}
{"level":"info","message":"Created Ticket successfully!","metadata":{},"timestamp":"2022-09-03 20:04:28"}
{"level":"info","message":"Tickets fetched successfully","metadata":{},"timestamp":"2022-09-03 20:04:30"}
{"level":"info","message":"Successfully fetched movies","metadata":{},"timestamp":"2022-09-03 20:04:37"}
{"level":"info","message":"Successfully fetched movies","metadata":{},"timestamp":"2022-09-03 20:04:38"}
{"level":"info","message":"Successfully got Tickets by Cinema ID!","metadata":{},"timestamp":"2022-09-03 20:05:02"}
{"level":"info","message":"Tickets fetched successfully","metadata":{},"timestamp":"2022-09-03 20:12:26"}
{"level":"info","message":"Tickets fetched successfully","metadata":{},"timestamp":"2022-09-03 20:12:30"}
{"level":"info","message":"Successfully fetched movies","metadata":{},"timestamp":"2022-09-03 20:13:12"}
{"level":"info","message":"Successfully fetched movies","metadata":{},"timestamp":"2022-09-03 20:13:14"}
{"level":"info","message":"Successfully got Tickets by Cinema ID!","metadata":{},"timestamp":"2022-09-03 20:13:29"}
{"level":"info","message":"Tickets fetched successfully","metadata":{},"timestamp":"2022-09-03 20:23:45"}
{"level":"info","message":"Tickets fetched successfully","metadata":{},"timestamp":"2022-09-03 20:24:41"}
{"level":"info","message":"Tickets fetched successfully","metadata":{},"timestamp":"2022-09-03 20:24:56"}
{"level":"info","message":"Successfully fetched movies","metadata":{},"timestamp":"2022-09-03 20:25:31"}
{"level":"info","message":"Tickets fetched successfully","metadata":{},"timestamp":"2022-09-03 20:26:04"}
{"level":"info","message":"Successfully fetched movies","metadata":{},"timestamp":"2022-09-03 20:26:15"}
{"level":"info","message":"Successfully fetched movies","metadata":{},"timestamp":"2022-09-03 20:28:12"}
{"level":"info","message":"Successfully got Tickets by Cinema ID!","metadata":{},"timestamp":"2022-09-03 20:36:29"}
{"level":"info","message":"Successfully got Tickets by Cinema ID!","metadata":{},"timestamp":"2022-09-03 20:37:48"}
{"level":"info","message":"Successfully fetched movies","metadata":{},"timestamp":"2022-09-03 20:38:51"}
{"level":"info","message":"Successfully got Tickets by Cinema ID!","metadata":{},"timestamp":"2022-09-03 20:39:13"}
{"level":"info","message":"Created Ticket successfully!","metadata":{},"timestamp":"2022-09-03 20:39:33"}
{"level":"info","message":"Tickets fetched successfully","metadata":{},"timestamp":"2022-09-03 20:39:36"}
{"level":"info","message":"Successfully got Tickets by Cinema ID!","metadata":{},"timestamp":"2022-09-03 20:39:49"}
{"level":"info","message":"Tickets fetched successfully","metadata":{},"timestamp":"2022-09-03 20:41:19"}
{"level":"info","message":"Successfully got Tickets by Cinema ID!","metadata":{},"timestamp":"2022-09-03 20:43:23"}
{"level":"info","message":"Successfully got Tickets by Cinema ID!","metadata":{},"timestamp":"2022-09-03 20:44:45"}
{"level":"info","message":"Successfully got Tickets by Cinema ID!","metadata":{},"timestamp":"2022-09-03 20:45:02"}
{"level":"info","message":"Tickets fetched successfully","metadata":{},"timestamp":"2022-09-03 20:51:19"}
{"level":"info","message":"Tickets fetched successfully","metadata":{},"timestamp":"2022-09-03 20:51:24"}
{"level":"info","message":"Tickets fetched successfully","metadata":{},"timestamp":"2022-09-03 20:55:32"}
{"level":"info","message":"Tickets fetched successfully","metadata":{},"timestamp":"2022-09-03 21:07:08"}
{"level":"info","message":"Tickets fetched successfully","metadata":{},"timestamp":"2022-09-03 21:07:24"}
{"level":"info","message":"Tickets fetched successfully","metadata":{},"timestamp":"2022-09-03 21:07:26"}
{"level":"info","message":"Successfully fetched movies","metadata":{},"timestamp":"2022-09-03 21:08:14"}
{"level":"info","message":"Successfully got Tickets by Cinema ID!","metadata":{},"timestamp":"2022-09-03 21:08:26"}
{"level":"info","message":"Tickets fetched successfully","metadata":{},"timestamp":"2022-09-03 21:10:06"}
{"level":"info","message":"Tickets fetched successfully","metadata":{},"timestamp":"2022-09-03 21:10:06"}
{"level":"info","message":"Tickets fetched successfully","metadata":{},"timestamp":"2022-09-03 21:10:42"}
{"level":"info","message":"Tickets fetched successfully","metadata":{},"timestamp":"2022-09-03 21:13:35"}
{"level":"info","message":"Tickets fetched successfully","metadata":{},"timestamp":"2022-09-03 21:13:45"}
{"level":"info","message":"Tickets fetched successfully","metadata":{},"timestamp":"2022-09-03 21:14:24"}
{"level":"info","message":"Tickets fetched successfully","metadata":{},"timestamp":"2022-09-03 21:15:36"}
{"level":"info","message":"Tickets fetched successfully","metadata":{},"timestamp":"2022-09-03 21:15:56"}
{"level":"info","message":"Tickets fetched successfully","metadata":{},"timestamp":"2022-09-03 21:16:03"}
{"level":"info","message":"Tickets fetched successfully","metadata":{},"timestamp":"2022-09-03 21:16:11"}
{"level":"info","message":"Tickets fetched successfully","metadata":{},"timestamp":"2022-09-03 21:16:29"}
{"level":"info","message":"Tickets fetched successfully","metadata":{},"timestamp":"2022-09-03 21:16:30"}
{"level":"info","message":"Tickets fetched successfully","metadata":{},"timestamp":"2022-09-03 21:16:49"}
{"level":"info","message":"Tickets fetched successfully","metadata":{},"timestamp":"2022-09-03 21:16:51"}
{"level":"info","message":"Successfully fetched movies","metadata":{},"timestamp":"2022-09-03 21:16:57"}
{"level":"info","message":"Successfully got Tickets by Cinema ID!","metadata":{},"timestamp":"2022-09-03 21:17:10"}
{"level":"info","message":"Successfully got tickets","metadata":{},"timestamp":"2022-09-03 21:39:21"}
{"level":"info","message":"Tickets fetched successfully","metadata":{},"timestamp":"2022-09-03 21:56:33"}
{"level":"info","message":"Tickets fetched successfully","metadata":{},"timestamp":"2022-09-03 21:56:48"}
{"level":"info","message":"Tickets fetched successfully","metadata":{},"timestamp":"2022-09-03 21:56:55"}
{"level":"info","message":"Tickets fetched successfully","metadata":{},"timestamp":"2022-09-03 21:57:28"}
{"level":"info","message":"Tickets fetched successfully","metadata":{},"timestamp":"2022-09-03 21:57:58"}
{"level":"info","message":"Tickets fetched successfully","metadata":{},"timestamp":"2022-09-03 21:58:08"}
{"level":"info","message":"Tickets fetched successfully","metadata":{},"timestamp":"2022-09-03 21:58:11"}
{"level":"info","message":"Tickets fetched successfully","metadata":{},"timestamp":"2022-09-03 21:58:30"}
{"level":"info","message":"Successfully got Tickets by Cinema ID!","metadata":{},"timestamp":"2022-09-03 22:11:28"}
{"level":"info","message":"Successfully fetched movies","metadata":{},"timestamp":"2022-09-03 22:11:46"}
{"level":"info","message":"Tickets fetched successfully","metadata":{},"timestamp":"2022-09-03 22:18:31"}
{"level":"info","message":"Tickets fetched successfully","metadata":{},"timestamp":"2022-09-03 22:18:36"}
{"level":"info","message":"Tickets fetched successfully","metadata":{},"timestamp":"2022-09-03 22:19:02"}
{"level":"info","message":"Tickets fetched successfully","metadata":{},"timestamp":"2022-09-03 22:19:18"}
{"level":"info","message":"Tickets fetched successfully","metadata":{},"timestamp":"2022-09-03 22:22:33"}
{"level":"info","message":"Tickets fetched successfully","metadata":{},"timestamp":"2022-09-03 22:22:42"}
{"level":"info","message":"Tickets fetched successfully","metadata":{},"timestamp":"2022-09-03 22:22:47"}
{"level":"info","message":"Successfully fetched movies","metadata":{},"timestamp":"2022-09-03 22:22:55"}
{"level":"info","message":"Successfully got Tickets by Cinema ID!","metadata":{},"timestamp":"2022-09-03 22:23:08"}
{"level":"info","message":"Successfully got Tickets by Cinema ID!","metadata":{},"timestamp":"2022-09-03 22:23:13"}
{"level":"info","message":"Tickets fetched successfully","metadata":{},"timestamp":"2022-09-03 22:23:55"}
{"level":"info","message":"Tickets fetched successfully","metadata":{},"timestamp":"2022-09-03 22:24:07"}
{"level":"info","message":"Successfully fetched movies","metadata":{},"timestamp":"2022-09-03 22:24:08"}
{"level":"info","message":"Successfully got Tickets by Cinema ID!","metadata":{},"timestamp":"2022-09-03 22:24:22"}
{"level":"info","message":"Tickets fetched successfully","metadata":{},"timestamp":"2022-09-03 22:30:30"}
{"level":"info","message":"Successfully fetched movies","metadata":{},"timestamp":"2022-09-03 22:30:32"}
{"level":"info","message":"Successfully got Tickets by Cinema ID!","metadata":{},"timestamp":"2022-09-03 22:30:43"}
{"level":"info","message":"Tickets fetched successfully","metadata":{},"timestamp":"2022-09-03 22:31:48"}
{"level":"info","message":"Tickets fetched successfully","metadata":{},"timestamp":"2022-09-03 22:31:58"}
{"level":"info","message":"Tickets fetched successfully","metadata":{},"timestamp":"2022-09-03 22:32:26"}
{"level":"info","message":"Tickets fetched successfully","metadata":{},"timestamp":"2022-09-03 22:32:39"}
{"level":"info","message":"Tickets fetched successfully","metadata":{},"timestamp":"2022-09-03 22:32:47"}
{"level":"info","message":"Tickets fetched successfully","metadata":{},"timestamp":"2022-09-03 22:33:40"}
{"level":"info","message":"Tickets fetched successfully","metadata":{},"timestamp":"2022-09-03 22:34:27"}
{"level":"info","message":"Tickets fetched successfully","metadata":{},"timestamp":"2022-09-03 22:35:12"}
{"level":"info","message":"Tickets fetched successfully","metadata":{},"timestamp":"2022-09-03 22:37:08"}
{"level":"info","message":"Tickets fetched successfully","metadata":{},"timestamp":"2022-09-03 22:37:10"}
{"level":"info","message":"Tickets fetched successfully","metadata":{},"timestamp":"2022-09-03 22:37:44"}
{"level":"info","message":"Tickets fetched successfully","metadata":{},"timestamp":"2022-09-03 22:38:56"}
{"level":"info","message":"Tickets fetched successfully","metadata":{},"timestamp":"2022-09-03 22:39:01"}
{"level":"info","message":"Tickets fetched successfully","metadata":{},"timestamp":"2022-09-03 22:39:10"}
{"level":"info","message":"Tickets fetched successfully","metadata":{},"timestamp":"2022-09-03 22:39:18"}
{"level":"info","message":"Tickets fetched successfully","metadata":{},"timestamp":"2022-09-03 22:39:23"}
{"level":"info","message":"Tickets fetched successfully","metadata":{},"timestamp":"2022-09-03 22:39:47"}
{"level":"info","message":"Tickets fetched successfully","metadata":{},"timestamp":"2022-09-03 22:39:54"}
{"level":"info","message":"Tickets fetched successfully","metadata":{},"timestamp":"2022-09-03 22:39:57"}
{"level":"info","message":"Tickets fetched successfully","metadata":{},"timestamp":"2022-09-03 22:40:18"}
{"level":"info","message":"Tickets fetched successfully","metadata":{},"timestamp":"2022-09-03 22:40:28"}
{"level":"info","message":"Tickets fetched successfully","metadata":{},"timestamp":"2022-09-03 22:41:04"}
{"level":"info","message":"Tickets fetched successfully","metadata":{},"timestamp":"2022-09-03 22:41:13"}
{"level":"info","message":"Tickets fetched successfully","metadata":{},"timestamp":"2022-09-03 22:41:37"}
{"level":"info","message":"Tickets fetched successfully","metadata":{},"timestamp":"2022-09-03 22:41:42"}
{"level":"info","message":"Tickets fetched successfully","metadata":{},"timestamp":"2022-09-03 22:42:02"}
{"level":"info","message":"Tickets fetched successfully","metadata":{},"timestamp":"2022-09-03 22:42:14"}
{"level":"info","message":"Tickets fetched successfully","metadata":{},"timestamp":"2022-09-03 22:42:22"}
{"level":"info","message":"Tickets fetched successfully","metadata":{},"timestamp":"2022-09-03 22:42:31"}
{"level":"info","message":"Successfully fetched movies","metadata":{},"timestamp":"2022-09-03 22:42:44"}
{"level":"info","message":"Tickets fetched successfully","metadata":{},"timestamp":"2022-09-03 22:43:39"}
{"level":"info","message":"Successfully fetched movies","metadata":{},"timestamp":"2022-09-03 22:43:44"}
{"level":"info","message":"Tickets fetched successfully","metadata":{},"timestamp":"2022-09-03 22:45:08"}
{"level":"info","message":"Tickets fetched successfully","metadata":{},"timestamp":"2022-09-03 22:45:23"}
{"level":"info","message":"Successfully fetched movies","metadata":{},"timestamp":"2022-09-03 22:45:26"}
{"level":"info","message":"Tickets fetched successfully","metadata":{},"timestamp":"2022-09-03 22:46:31"}
{"level":"info","message":"Tickets fetched successfully","metadata":{},"timestamp":"2022-09-03 22:46:43"}
{"level":"info","message":"Successfully fetched movies","metadata":{},"timestamp":"2022-09-03 22:46:45"}
{"level":"info","message":"Tickets fetched successfully","metadata":{},"timestamp":"2022-09-03 22:47:49"}
{"level":"info","message":"Successfully fetched movies","metadata":{},"timestamp":"2022-09-03 22:47:58"}
{"level":"info","message":"Tickets fetched successfully","metadata":{},"timestamp":"2022-09-03 22:48:59"}
{"level":"info","message":"Successfully fetched movies","metadata":{},"timestamp":"2022-09-03 22:49:04"}
{"level":"info","message":"Tickets fetched successfully","metadata":{},"timestamp":"2022-09-03 22:53:51"}
{"level":"info","message":"Successfully fetched movies","metadata":{},"timestamp":"2022-09-03 22:53:53"}
{"level":"info","message":"Tickets fetched successfully","metadata":{},"timestamp":"2022-09-03 22:59:01"}
{"level":"info","message":"Tickets fetched successfully","metadata":{},"timestamp":"2022-09-03 22:59:10"}
{"level":"info","message":"Successfully fetched movies","metadata":{},"timestamp":"2022-09-03 22:59:12"}
{"level":"info","message":"Successfully got Tickets by Cinema ID!","metadata":{},"timestamp":"2022-09-03 22:59:27"}
{"level":"info","message":"Tickets fetched successfully","metadata":{},"timestamp":"2022-09-03 23:01:03"}
{"level":"info","message":"Tickets fetched successfully","metadata":{},"timestamp":"2022-09-03 23:01:09"}
{"level":"info","message":"Tickets fetched successfully","metadata":{},"timestamp":"2022-09-03 23:01:38"}
