{"level":"info","message":"Tickets fetched successfully","metadata":{},"timestamp":"2022-09-04 20:19:04"}
{"level":"info","message":"Tickets fetched successfully","metadata":{},"timestamp":"2022-09-04 20:22:17"}
{"level":"info","message":"Tickets fetched successfully","metadata":{},"timestamp":"2022-09-04 21:46:04"}
{"level":"info","message":"Tickets fetched successfully","metadata":{},"timestamp":"2022-09-04 21:51:41"}
{"level":"info","message":"Successfully fetched movies","metadata":{},"timestamp":"2022-09-04 21:52:47"}
{"level":"info","message":"Tickets fetched successfully","metadata":{},"timestamp":"2022-09-04 21:55:18"}
{"level":"info","message":"Tickets fetched successfully","metadata":{},"timestamp":"2022-09-04 21:55:27"}
{"level":"info","message":"Tickets fetched successfully","metadata":{},"timestamp":"2022-09-04 21:55:33"}
{"level":"info","message":"Tickets fetched successfully","metadata":{},"timestamp":"2022-09-04 21:55:51"}
{"level":"info","message":"Tickets fetched successfully","metadata":{},"timestamp":"2022-09-04 21:55:52"}
{"level":"info","message":"Tickets fetched successfully","metadata":{},"timestamp":"2022-09-04 21:56:31"}
{"level":"info","message":"Tickets fetched successfully","metadata":{},"timestamp":"2022-09-04 21:56:46"}
{"level":"info","message":"Tickets fetched successfully","metadata":{},"timestamp":"2022-09-04 21:56:59"}
{"level":"info","message":"Tickets fetched successfully","metadata":{},"timestamp":"2022-09-04 21:57:05"}
{"level":"info","message":"Tickets fetched successfully","metadata":{},"timestamp":"2022-09-04 21:57:17"}
{"level":"info","message":"Tickets fetched successfully","metadata":{},"timestamp":"2022-09-04 21:57:52"}
{"level":"info","message":"Tickets fetched successfully","metadata":{},"timestamp":"2022-09-04 21:57:55"}
{"level":"info","message":"Tickets fetched successfully","metadata":{},"timestamp":"2022-09-04 21:58:15"}
{"level":"info","message":"Tickets fetched successfully","metadata":{},"timestamp":"2022-09-04 21:58:21"}
{"level":"info","message":"Tickets fetched successfully","metadata":{},"timestamp":"2022-09-04 21:58:35"}
{"level":"info","message":"Tickets fetched successfully","metadata":{},"timestamp":"2022-09-04 21:58:45"}
{"level":"info","message":"Tickets fetched successfully","metadata":{},"timestamp":"2022-09-04 21:58:55"}
{"level":"info","message":"Tickets fetched successfully","metadata":{},"timestamp":"2022-09-04 21:59:04"}
{"level":"info","message":"Tickets fetched successfully","metadata":{},"timestamp":"2022-09-04 21:59:16"}
{"level":"info","message":"Tickets fetched successfully","metadata":{},"timestamp":"2022-09-04 21:59:20"}
{"level":"info","message":"Tickets fetched successfully","metadata":{},"timestamp":"2022-09-04 21:59:50"}
{"level":"info","message":"Tickets fetched successfully","metadata":{},"timestamp":"2022-09-04 22:00:10"}
{"level":"info","message":"Tickets fetched successfully","metadata":{},"timestamp":"2022-09-04 22:00:12"}
{"level":"info","message":"Tickets fetched successfully","metadata":{},"timestamp":"2022-09-04 22:00:20"}
{"level":"info","message":"Successfully fetched movies","metadata":{},"timestamp":"2022-09-04 22:00:32"}
{"level":"info","message":"Successfully got Tickets by Cinema ID!","metadata":{},"timestamp":"2022-09-04 22:01:02"}
{"level":"info","message":"Created Ticket successfully!","metadata":{},"timestamp":"2022-09-04 22:01:16"}
{"level":"info","message":"Tickets fetched successfully","metadata":{},"timestamp":"2022-09-04 22:01:17"}
{"level":"info","message":"Successfully fetched movies","metadata":{},"timestamp":"2022-09-04 22:01:53"}
{"level":"info","message":"Successfully got Tickets by Cinema ID!","metadata":{},"timestamp":"2022-09-04 22:02:10"}
{"level":"info","message":"Tickets fetched successfully","metadata":{},"timestamp":"2022-09-04 22:06:51"}
{"level":"info","message":"Tickets fetched successfully","metadata":{},"timestamp":"2022-09-04 22:07:39"}
{"level":"info","message":"Successfully fetched movies","metadata":{},"timestamp":"2022-09-04 22:07:44"}
{"level":"info","message":"Successfully fetched movies","metadata":{},"timestamp":"2022-09-04 22:07:44"}
{"level":"info","message":"Successfully got Tickets by Cinema ID!","metadata":{},"timestamp":"2022-09-04 22:08:28"}
{"level":"info","message":"Successfully fetched movies","metadata":{},"timestamp":"2022-09-04 22:22:36"}
{"level":"info","message":"Tickets fetched successfully","metadata":{},"timestamp":"2022-09-04 22:23:04"}
{"level":"info","message":"Tickets fetched successfully","metadata":{},"timestamp":"2022-09-04 22:23:26"}
{"level":"info","message":"Successfully fetched movies","metadata":{},"timestamp":"2022-09-04 22:23:28"}
{"level":"info","message":"Tickets fetched successfully","metadata":{},"timestamp":"2022-09-04 22:24:20"}
{"level":"info","message":"Tickets fetched successfully","metadata":{},"timestamp":"2022-09-04 22:24:24"}
{"level":"info","message":"Successfully fetched movies","metadata":{},"timestamp":"2022-09-04 22:24:26"}
{"level":"info","message":"Tickets fetched successfully","metadata":{},"timestamp":"2022-09-04 22:25:44"}
{"level":"info","message":"Successfully fetched movies","metadata":{},"timestamp":"2022-09-04 22:25:45"}
{"level":"info","message":"Tickets fetched successfully","metadata":{},"timestamp":"2022-09-04 22:26:32"}
{"level":"info","message":"Successfully fetched movies","metadata":{},"timestamp":"2022-09-04 22:26:34"}
{"level":"info","message":"Tickets fetched successfully","metadata":{},"timestamp":"2022-09-04 22:28:45"}
{"level":"info","message":"Successfully fetched movies","metadata":{},"timestamp":"2022-09-04 22:28:47"}
{"level":"info","message":"Tickets fetched successfully","metadata":{},"timestamp":"2022-09-04 22:30:07"}
{"level":"info","message":"Tickets fetched successfully","metadata":{},"timestamp":"2022-09-04 22:30:18"}
{"level":"info","message":"Successfully fetched movies","metadata":{},"timestamp":"2022-09-04 22:30:19"}
{"level":"info","message":"Tickets fetched successfully","metadata":{},"timestamp":"2022-09-04 22:30:35"}
{"level":"info","message":"Tickets fetched successfully","metadata":{},"timestamp":"2022-09-04 22:30:41"}
{"level":"info","message":"Tickets fetched successfully","metadata":{},"timestamp":"2022-09-04 22:30:44"}
{"level":"info","message":"Tickets fetched successfully","metadata":{},"timestamp":"2022-09-04 22:30:47"}
{"level":"info","message":"Successfully fetched movies","metadata":{},"timestamp":"2022-09-04 22:30:49"}
{"level":"info","message":"Tickets fetched successfully","metadata":{},"timestamp":"2022-09-04 22:31:50"}
{"level":"info","message":"Successfully fetched movies","metadata":{},"timestamp":"2022-09-04 22:31:53"}
{"level":"info","message":"Tickets fetched successfully","metadata":{},"timestamp":"2022-09-04 22:32:13"}
{"level":"info","message":"Tickets fetched successfully","metadata":{},"timestamp":"2022-09-04 22:32:44"}
{"level":"info","message":"Tickets fetched successfully","metadata":{},"timestamp":"2022-09-04 22:32:48"}
{"level":"info","message":"Successfully fetched movies","metadata":{},"timestamp":"2022-09-04 22:32:49"}
{"level":"info","message":"Tickets fetched successfully","metadata":{},"timestamp":"2022-09-04 22:33:28"}
{"level":"info","message":"Tickets fetched successfully","metadata":{},"timestamp":"2022-09-04 22:33:45"}
{"level":"info","message":"Successfully fetched movies","metadata":{},"timestamp":"2022-09-04 22:33:46"}
{"level":"info","message":"Tickets fetched successfully","metadata":{},"timestamp":"2022-09-04 22:34:45"}
{"level":"info","message":"Tickets fetched successfully","metadata":{},"timestamp":"2022-09-04 22:34:53"}
{"level":"info","message":"Tickets fetched successfully","metadata":{},"timestamp":"2022-09-04 22:35:03"}
{"level":"info","message":"Tickets fetched successfully","metadata":{},"timestamp":"2022-09-04 22:35:08"}
{"level":"info","message":"Tickets fetched successfully","metadata":{},"timestamp":"2022-09-04 22:35:11"}
{"level":"info","message":"Successfully fetched movies","metadata":{},"timestamp":"2022-09-04 22:35:13"}
{"level":"info","message":"Tickets fetched successfully","metadata":{},"timestamp":"2022-09-04 22:36:23"}
{"level":"info","message":"Tickets fetched successfully","metadata":{},"timestamp":"2022-09-04 22:36:28"}
{"level":"info","message":"Tickets fetched successfully","metadata":{},"timestamp":"2022-09-04 22:37:17"}
{"level":"info","message":"Tickets fetched successfully","metadata":{},"timestamp":"2022-09-04 22:37:25"}
{"level":"info","message":"Tickets fetched successfully","metadata":{},"timestamp":"2022-09-04 22:37:32"}
{"level":"info","message":"Tickets fetched successfully","metadata":{},"timestamp":"2022-09-04 22:37:53"}
{"level":"info","message":"Tickets fetched successfully","metadata":{},"timestamp":"2022-09-04 22:38:00"}
{"level":"info","message":"Tickets fetched successfully","metadata":{},"timestamp":"2022-09-04 22:38:05"}
{"level":"info","message":"Tickets fetched successfully","metadata":{},"timestamp":"2022-09-04 22:38:15"}
{"level":"info","message":"Tickets fetched successfully","metadata":{},"timestamp":"2022-09-04 22:38:27"}
{"level":"info","message":"Tickets fetched successfully","metadata":{},"timestamp":"2022-09-04 22:38:39"}
{"level":"info","message":"Tickets fetched successfully","metadata":{},"timestamp":"2022-09-04 22:38:55"}
{"level":"info","message":"Tickets fetched successfully","metadata":{},"timestamp":"2022-09-04 22:39:00"}
{"level":"info","message":"Tickets fetched successfully","metadata":{},"timestamp":"2022-09-04 22:39:03"}
{"level":"info","message":"Tickets fetched successfully","metadata":{},"timestamp":"2022-09-04 22:39:20"}
{"level":"info","message":"Tickets fetched successfully","metadata":{},"timestamp":"2022-09-04 22:39:21"}
{"level":"info","message":"Tickets fetched successfully","metadata":{},"timestamp":"2022-09-04 22:39:26"}
{"level":"info","message":"Tickets fetched successfully","metadata":{},"timestamp":"2022-09-04 22:39:31"}
{"level":"info","message":"Tickets fetched successfully","metadata":{},"timestamp":"2022-09-04 22:39:52"}
{"level":"info","message":"Successfully fetched movies","metadata":{},"timestamp":"2022-09-04 22:39:54"}
{"level":"info","message":"Successfully got Tickets by Cinema ID!","metadata":{},"timestamp":"2022-09-04 22:40:07"}
{"level":"info","message":"Tickets fetched successfully","metadata":{},"timestamp":"2022-09-04 22:40:27"}
{"level":"info","message":"Tickets fetched successfully","metadata":{},"timestamp":"2022-09-04 22:40:29"}
{"level":"info","message":"Successfully fetched movies","metadata":{},"timestamp":"2022-09-04 22:40:33"}
{"level":"info","message":"Successfully got Tickets by Cinema ID!","metadata":{},"timestamp":"2022-09-04 22:40:47"}
{"level":"info","message":"Tickets fetched successfully","metadata":{},"timestamp":"2022-09-04 22:43:25"}
{"level":"info","message":"Delete Ticket Successfully!","metadata":{},"timestamp":"2022-09-04 22:44:13"}
{"level":"info","message":"Tickets fetched successfully","metadata":{},"timestamp":"2022-09-04 22:44:14"}
{"level":"info","message":"Delete Ticket Successfully!","metadata":{},"timestamp":"2022-09-04 22:44:17"}
{"level":"info","message":"Tickets fetched successfully","metadata":{},"timestamp":"2022-09-04 22:44:17"}
{"level":"info","message":"Delete Ticket Successfully!","metadata":{},"timestamp":"2022-09-04 22:44:23"}
{"level":"info","message":"Tickets fetched successfully","metadata":{},"timestamp":"2022-09-04 22:44:24"}
{"level":"info","message":"Delete Ticket Successfully!","metadata":{},"timestamp":"2022-09-04 22:44:27"}
{"level":"info","message":"Tickets fetched successfully","metadata":{},"timestamp":"2022-09-04 22:44:27"}
{"level":"info","message":"Delete Ticket Successfully!","metadata":{},"timestamp":"2022-09-04 22:44:30"}
{"level":"info","message":"Tickets fetched successfully","metadata":{},"timestamp":"2022-09-04 22:44:30"}
{"level":"info","message":"Delete Ticket Successfully!","metadata":{},"timestamp":"2022-09-04 22:44:32"}
{"level":"info","message":"Tickets fetched successfully","metadata":{},"timestamp":"2022-09-04 22:44:33"}
{"level":"info","message":"Delete Ticket Successfully!","metadata":{},"timestamp":"2022-09-04 22:44:39"}
{"level":"info","message":"Tickets fetched successfully","metadata":{},"timestamp":"2022-09-04 22:44:39"}
